# JRE version: OpenJDK Runtime Environment (18.0+36) (build 18+36-2087)
# Java VM: OpenJDK 64-Bit Server VM (18+36-2087, mixed mode, sharing, tiered, compressed oops, compressed class ptrs, g1 gc, windows-amd64)
GC Precious Log:
 CardTable entry size: 512
 Card Set container configuration: InlinePtr #cards 5 size 8 Array Of Cards #cards 12 size 40 Howl #buckets 4 coarsen threshold 1843 Howl Bitmap #cards 512 size 80 coarsen threshold 460 Card regions per heap region 1 cards per card region 2048
 CPUs: 4 total, 4 available
 Memory: 3957M
 Large Page Support: Disabled
 NUMA Support: Disabled
 Compressed Oops: Enabled (32-bit)
 Heap Region Size: 1M
 Heap Min Capacity: 8M
 Heap Initial Capacity: 62M
 Heap Max Capacity: 990M
 Pre-touch: Disabled
 Parallel Workers: 4
 Concurrent Workers: 1
 Concurrent Refinement Workers: 4
 Periodic GC: Disabled
Heap:
 garbage-first heap   total 153600K, used 109848K [0x00000000c2200000, 0x0000000100000000)
  region size 1024K, 59 young (60416K), 7 survivors (7168K)
 Metaspace       used 65930K, committed 66752K, reserved 1114112K
  class space    used 7557K, committed 8000K, reserved 1048576K
GC Heap History (20 events):
Event: 3.463 GC heap before
{Heap before GC invocations=5 (full 0):
 garbage-first heap   total 63488K, used 43190K [0x00000000c2200000, 0x0000000100000000)
  region size 1024K, 22 young (22528K), 3 survivors (3072K)
 Metaspace       used 23966K, committed 24256K, reserved 1114112K
  class space    used 3243K, committed 3392K, reserved 1048576K
}
Event: 3.478 GC heap after
{Heap after GC invocations=6 (full 0):
 garbage-first heap   total 63488K, used 28091K [0x00000000c2200000, 0x0000000100000000)
  region size 1024K, 3 young (3072K), 3 survivors (3072K)
 Metaspace       used 23966K, committed 24256K, reserved 1114112K
  class space    used 3243K, committed 3392K, reserved 1048576K
}
Event: 3.499 GC heap before
{Heap before GC invocations=6 (full 0):
 garbage-first heap   total 63488K, used 29115K [0x00000000c2200000, 0x0000000100000000)
  region size 1024K, 4 young (4096K), 3 survivors (3072K)
 Metaspace       used 24264K, committed 24512K, reserved 1114112K
  class space    used 3271K, committed 3392K, reserved 1048576K
}
Event: 3.511 GC heap after
{Heap after GC invocations=7 (full 0):
 garbage-first heap   total 76800K, used 28919K [0x00000000c2200000, 0x0000000100000000)
  region size 1024K, 1 young (1024K), 1 survivors (1024K)
 Metaspace       used 24264K, committed 24512K, reserved 1114112K
  class space    used 3271K, committed 3392K, reserved 1048576K
}
Event: 4.046 GC heap before
{Heap before GC invocations=7 (full 0):
 garbage-first heap   total 76800K, used 50423K [0x00000000c2200000, 0x0000000100000000)
  region size 1024K, 23 young (23552K), 1 survivors (1024K)
 Metaspace       used 28725K, committed 28928K, reserved 1114112K
  class space    used 3744K, committed 3840K, reserved 1048576K
}
Event: 4.054 GC heap after
{Heap after GC invocations=8 (full 0):
 garbage-first heap   total 76800K, used 31383K [0x00000000c2200000, 0x0000000100000000)
  region size 1024K, 3 young (3072K), 3 survivors (3072K)
 Metaspace       used 28725K, committed 28928K, reserved 1114112K
  class space    used 3744K, committed 3840K, reserved 1048576K
}
Event: 4.547 GC heap before
{Heap before GC invocations=8 (full 0):
 garbage-first heap   total 76800K, used 51863K [0x00000000c2200000, 0x0000000100000000)
  region size 1024K, 24 young (24576K), 3 survivors (3072K)
 Metaspace       used 32826K, committed 33280K, reserved 1114112K
  class space    used 4116K, committed 4352K, reserved 1048576K
}
Event: 4.558 GC heap after
{Heap after GC invocations=9 (full 0):
 garbage-first heap   total 76800K, used 33624K [0x00000000c2200000, 0x0000000100000000)
  region size 1024K, 3 young (3072K), 3 survivors (3072K)
 Metaspace       used 32826K, committed 33280K, reserved 1114112K
  class space    used 4116K, committed 4352K, reserved 1048576K
}
Event: 4.967 GC heap before
{Heap before GC invocations=9 (full 0):
 garbage-first heap   total 76800K, used 50008K [0x00000000c2200000, 0x0000000100000000)
  region size 1024K, 20 young (20480K), 3 survivors (3072K)
 Metaspace       used 35439K, committed 36160K, reserved 1114112K
  class space    used 4469K, committed 4864K, reserved 1048576K
}
Event: 4.974 GC heap after
{Heap after GC invocations=10 (full 0):
 garbage-first heap   total 76800K, used 34975K [0x00000000c2200000, 0x0000000100000000)
  region size 1024K, 2 young (2048K), 2 survivors (2048K)
 Metaspace       used 35439K, committed 36160K, reserved 1114112K
  class space    used 4469K, committed 4864K, reserved 1048576K
}
Event: 5.951 GC heap before
{Heap before GC invocations=11 (full 0):
 garbage-first heap   total 76800K, used 53407K [0x00000000c2200000, 0x0000000100000000)
  region size 1024K, 23 young (23552K), 2 survivors (2048K)
 Metaspace       used 39563K, committed 40256K, reserved 1114112K
  class space    used 4938K, committed 5312K, reserved 1048576K
}
Event: 5.964 GC heap after
{Heap after GC invocations=12 (full 0):
 garbage-first heap   total 76800K, used 35840K [0x00000000c2200000, 0x0000000100000000)
  region size 1024K, 3 young (3072K), 3 survivors (3072K)
 Metaspace       used 39563K, committed 40256K, reserved 1114112K
  class space    used 4938K, committed 5312K, reserved 1048576K
}
Event: 6.010 GC heap before
{Heap before GC invocations=12 (full 0):
 garbage-first heap   total 76800K, used 36864K [0x00000000c2200000, 0x0000000100000000)
  region size 1024K, 4 young (4096K), 3 survivors (3072K)
 Metaspace       used 39760K, committed 40448K, reserved 1114112K
  class space    used 4958K, committed 5312K, reserved 1048576K
}
Event: 6.020 GC heap after
{Heap after GC invocations=13 (full 0):
 garbage-first heap   total 153600K, used 35588K [0x00000000c2200000, 0x0000000100000000)
  region size 1024K, 1 young (1024K), 1 survivors (1024K)
 Metaspace       used 39760K, committed 40448K, reserved 1114112K
  class space    used 4958K, committed 5312K, reserved 1048576K
}
Event: 8.177 GC heap before
{Heap before GC invocations=13 (full 0):
 garbage-first heap   total 153600K, used 104196K [0x00000000c2200000, 0x0000000100000000)
  region size 1024K, 68 young (69632K), 1 survivors (1024K)
 Metaspace       used 43552K, committed 44288K, reserved 1114112K
  class space    used 5254K, committed 5632K, reserved 1048576K
}
Event: 8.196 GC heap after
{Heap after GC invocations=14 (full 0):
 garbage-first heap   total 153600K, used 43912K [0x00000000c2200000, 0x0000000100000000)
  region size 1024K, 9 young (9216K), 9 survivors (9216K)
 Metaspace       used 43552K, committed 44288K, reserved 1114112K
  class space    used 5254K, committed 5632K, reserved 1048576K
}
Event: 10.297 GC heap before
{Heap before GC invocations=14 (full 0):
 garbage-first heap   total 153600K, used 109448K [0x00000000c2200000, 0x0000000100000000)
  region size 1024K, 73 young (74752K), 9 survivors (9216K)
 Metaspace       used 51774K, committed 52608K, reserved 1114112K
  class space    used 6151K, committed 6592K, reserved 1048576K
}
Event: 10.329 GC heap after
{Heap after GC invocations=15 (full 0):
 garbage-first heap   total 153600K, used 50906K [0x00000000c2200000, 0x0000000100000000)
  region size 1024K, 7 young (7168K), 7 survivors (7168K)
 Metaspace       used 51774K, committed 52608K, reserved 1114112K
  class space    used 6151K, committed 6592K, reserved 1048576K
}
Event: 11.765 GC heap before
{Heap before GC invocations=15 (full 0):
 garbage-first heap   total 153600K, used 99034K [0x00000000c2200000, 0x0000000100000000)
  region size 1024K, 55 young (56320K), 7 survivors (7168K)
 Metaspace       used 60173K, committed 60928K, reserved 1114112K
  class space    used 7020K, committed 7424K, reserved 1048576K
}
Event: 11.789 GC heap after
{Heap after GC invocations=16 (full 0):
 garbage-first heap   total 153600K, used 57624K [0x00000000c2200000, 0x0000000100000000)
  region size 1024K, 7 young (7168K), 7 survivors (7168K)
 Metaspace       used 60173K, committed 60928K, reserved 1114112K
  class space    used 7020K, committed 7424K, reserved 1048576K
}

